<?xml version="1.0" encoding="UTF-8" ?>
<testsuite tests="2" failures="0" name="br.com.templates_java.config.jms_aws_sqs.MessageListenerGeneratorTest" time="0.537" errors="0" skipped="0">
  <properties>
[...]
</properties>
  <testcase classname="br.com.templates_java.config.jms_aws_sqs.MessageListenerGeneratorTest" name="shouldCreateFile" time="0.52"/>
  <testcase classname="br.com.templates_java.config.jms_aws_sqs.MessageListenerGeneratorTest" name="shouldReturnContent" time="0.017"/>
</testsuite>